2025-10-28 04:22:30,546 - root - INFO - Epoch 0; loss: 144.09475708007812; CER: 1.041480541229248; WER: 1.0; val_loss: 110.2242202758789; val_CER: 1.0; val_WER: 1.0
2025-10-28 04:23:19,680 - root - INFO - Epoch 1; loss: 110.43466186523438; CER: 1.0; WER: 1.0; val_loss: 130.32431030273438; val_CER: 1.0; val_WER: 1.0
2025-10-28 04:24:07,143 - root - INFO - Epoch 2; loss: 108.40238189697266; CER: 1.0; WER: 1.0; val_loss: 120.89308166503906; val_CER: 1.0; val_WER: 1.0
2025-10-28 04:24:57,431 - root - INFO - Epoch 3; loss: 107.2978744506836; CER: 1.0; WER: 1.0; val_loss: 116.17436218261719; val_CER: 1.0; val_WER: 1.0
2025-10-28 04:25:50,217 - root - INFO - Epoch 4; loss: 108.02804565429688; CER: 1.0; WER: 1.0; val_loss: 109.65065002441406; val_CER: 1.0; val_WER: 1.0
2025-10-28 04:26:34,865 - root - INFO - Epoch 5; loss: 109.10003662109375; CER: 1.0; WER: 1.0; val_loss: 111.8375015258789; val_CER: 1.0; val_WER: 1.0
2025-10-28 04:27:18,088 - root - INFO - Epoch 6; loss: 108.9206771850586; CER: 1.0; WER: 1.0; val_loss: 113.7620620727539; val_CER: 1.0; val_WER: 1.0
2025-10-28 04:28:01,166 - root - INFO - Epoch 7; loss: 107.68119049072266; CER: 1.0; WER: 1.0; val_loss: 133.25714111328125; val_CER: 1.0; val_WER: 1.0
2025-10-28 04:28:44,341 - root - INFO - Epoch 8; loss: 104.93330383300781; CER: 0.9990959167480469; WER: 1.0; val_loss: 107.7169189453125; val_CER: 1.0; val_WER: 1.0
2025-10-28 04:29:27,300 - root - INFO - Epoch 9; loss: 109.2019271850586; CER: 0.9998970627784729; WER: 0.9997916221618652; val_loss: 110.79327392578125; val_CER: 1.0; val_WER: 1.0
2025-10-28 04:30:10,250 - root - INFO - Epoch 10; loss: 105.3265609741211; CER: 0.9995065927505493; WER: 0.9981130957603455; val_loss: 101.61852264404297; val_CER: 1.0; val_WER: 1.0
2025-10-28 04:30:53,502 - root - INFO - Epoch 11; loss: 107.80961608886719; CER: 0.9989997744560242; WER: 0.9988662600517273; val_loss: 104.25358581542969; val_CER: 1.0; val_WER: 1.0
2025-10-28 04:31:36,425 - root - INFO - Epoch 12; loss: 108.3294448852539; CER: 0.9982975125312805; WER: 0.9970893263816833; val_loss: 109.6893081665039; val_CER: 1.0; val_WER: 1.0
2025-10-28 04:32:19,400 - root - INFO - Epoch 13; loss: 106.71349334716797; CER: 0.9954856038093567; WER: 0.9948164224624634; val_loss: 113.18736267089844; val_CER: 1.0; val_WER: 1.0
2025-10-28 04:33:06,864 - root - INFO - Epoch 14; loss: 105.19995880126953; CER: 0.9943137168884277; WER: 0.9956026673316956; val_loss: 107.965087890625; val_CER: 0.9876452684402466; val_WER: 1.0
2025-10-28 04:33:51,247 - root - INFO - Epoch 15; loss: 105.54936218261719; CER: 0.9866912961006165; WER: 0.9889774918556213; val_loss: 109.2582015991211; val_CER: 0.977074921131134; val_WER: 0.9979166984558105
2025-10-28 04:34:36,047 - root - INFO - Epoch 16; loss: 108.55924987792969; CER: 0.9878600835800171; WER: 0.9899201393127441; val_loss: 108.650146484375; val_CER: 0.9944483637809753; val_WER: 1.0
2025-10-28 04:35:20,306 - root - INFO - Epoch 17; loss: 107.37886047363281; CER: 0.9879608154296875; WER: 0.9898734092712402; val_loss: 107.85206604003906; val_CER: 0.9996951222419739; val_WER: 0.9986110925674438
2025-10-28 04:36:04,144 - root - INFO - Epoch 18; loss: 109.28028106689453; CER: 0.9865633249282837; WER: 0.9861596822738647; val_loss: 112.20704650878906; val_CER: 0.9944664835929871; val_WER: 1.0
2025-10-28 04:36:47,675 - root - INFO - Epoch 19; loss: 106.22734069824219; CER: 0.9805517792701721; WER: 0.9964742064476013; val_loss: 114.6463623046875; val_CER: 0.9599260091781616; val_WER: 1.0
2025-10-28 04:37:30,906 - root - INFO - Epoch 20; loss: 107.46170043945312; CER: 0.9745887517929077; WER: 0.9958893060684204; val_loss: 108.9876480102539; val_CER: 0.9616792798042297; val_WER: 1.0
2025-10-28 04:38:13,825 - root - INFO - Epoch 21; loss: 104.58232116699219; CER: 0.9726726412773132; WER: 0.9948651194572449; val_loss: 120.3285140991211; val_CER: 0.9649068713188171; val_WER: 0.9936310052871704
2025-10-28 04:38:56,747 - root - INFO - Epoch 22; loss: 102.41337585449219; CER: 0.9715888500213623; WER: 0.9947327971458435; val_loss: 102.55340576171875; val_CER: 0.9649864435195923; val_WER: 0.9975000619888306
2025-10-28 04:39:39,739 - root - INFO - Epoch 23; loss: 105.36693572998047; CER: 0.9714701175689697; WER: 0.9938327670097351; val_loss: 109.1321029663086; val_CER: 0.9763979911804199; val_WER: 1.0
2025-10-28 04:40:22,556 - root - INFO - Epoch 24; loss: 105.34078216552734; CER: 0.9727278351783752; WER: 0.9881446957588196; val_loss: 107.03089904785156; val_CER: 0.962920069694519; val_WER: 0.9952629208564758
2025-10-28 04:41:05,271 - root - INFO - Epoch 25; loss: 104.37552642822266; CER: 0.9736796617507935; WER: 0.985927402973175; val_loss: 104.63127136230469; val_CER: 0.9651260375976562; val_WER: 0.9982143640518188
2025-10-28 04:41:48,380 - root - INFO - Epoch 26; loss: 104.417724609375; CER: 0.9696434140205383; WER: 0.9831439256668091; val_loss: 108.51544189453125; val_CER: 0.9587074518203735; val_WER: 0.9725144505500793
2025-10-28 04:42:31,157 - root - INFO - Epoch 27; loss: 103.78270721435547; CER: 0.9579882025718689; WER: 0.9734671711921692; val_loss: 99.23933410644531; val_CER: 0.9504877328872681; val_WER: 0.9563739895820618
2025-10-28 04:43:13,682 - root - INFO - Epoch 28; loss: 104.92936706542969; CER: 0.9590280055999756; WER: 0.9591864943504333; val_loss: 111.34419250488281; val_CER: 0.9706190228462219; val_WER: 0.9685417413711548
2025-10-28 04:43:56,194 - root - INFO - Epoch 29; loss: 105.7925033569336; CER: 0.9590532779693604; WER: 0.9572983384132385; val_loss: 114.86222839355469; val_CER: 0.9567106366157532; val_WER: 0.9788739085197449
2025-10-28 04:44:38,609 - root - INFO - Epoch 30; loss: 106.5793228149414; CER: 0.954246997833252; WER: 0.950283944606781; val_loss: 200.2816619873047; val_CER: 0.9897365570068359; val_WER: 1.0
2025-10-28 04:45:21,192 - root - INFO - Epoch 31; loss: 103.47572326660156; CER: 0.942370593547821; WER: 0.9581576585769653; val_loss: 97.68850708007812; val_CER: 0.8699067234992981; val_WER: 1.1442915201187134
2025-10-28 04:46:03,947 - root - INFO - Epoch 32; loss: 99.09829711914062; CER: 0.8406601548194885; WER: 1.002063274383545; val_loss: 101.5148696899414; val_CER: 0.8086130023002625; val_WER: 1.1540178060531616
2025-10-28 04:46:46,589 - root - INFO - Epoch 33; loss: 95.34896850585938; CER: 0.8266497850418091; WER: 1.001539945602417; val_loss: 149.1220245361328; val_CER: 0.9907894134521484; val_WER: 1.0
2025-10-28 04:47:29,273 - root - INFO - Epoch 34; loss: 91.7437515258789; CER: 0.7931024432182312; WER: 0.9892691969871521; val_loss: 89.31517791748047; val_CER: 0.7418488264083862; val_WER: 1.0457477569580078
2025-10-28 04:48:11,810 - root - INFO - Epoch 35; loss: 87.05744934082031; CER: 0.7561432123184204; WER: 0.9797508716583252; val_loss: 123.5655746459961; val_CER: 0.9785048365592957; val_WER: 1.0
2025-10-28 04:48:54,624 - root - INFO - Epoch 36; loss: 83.75086975097656; CER: 0.7278642654418945; WER: 0.9509410262107849; val_loss: 86.4140396118164; val_CER: 0.7031862735748291; val_WER: 0.9376640319824219
2025-10-28 04:49:38,495 - root - INFO - Epoch 37; loss: 80.696044921875; CER: 0.6979552507400513; WER: 0.9481005072593689; val_loss: 75.09080505371094; val_CER: 0.7003888487815857; val_WER: 0.8972764015197754
2025-10-28 04:50:21,323 - root - INFO - Epoch 38; loss: 76.85169219970703; CER: 0.6691524386405945; WER: 0.9129470586776733; val_loss: 70.09629821777344; val_CER: 0.6313740015029907; val_WER: 0.863298237323761
2025-10-28 04:51:04,096 - root - INFO - Epoch 39; loss: 74.72669982910156; CER: 0.6428700089454651; WER: 0.9086151719093323; val_loss: 72.84907531738281; val_CER: 0.6287978887557983; val_WER: 0.8850184679031372
2025-10-28 04:51:46,962 - root - INFO - Epoch 40; loss: 73.02368927001953; CER: 0.6371029019355774; WER: 0.9032353162765503; val_loss: 71.1533203125; val_CER: 0.6041842699050903; val_WER: 0.875174343585968
2025-10-28 04:52:32,209 - root - INFO - Epoch 41; loss: 72.2472915649414; CER: 0.6260738968849182; WER: 0.8999614715576172; val_loss: 64.25336456298828; val_CER: 0.5921236872673035; val_WER: 0.8543617129325867
2025-10-28 04:53:15,107 - root - INFO - Epoch 42; loss: 67.33407592773438; CER: 0.6140002608299255; WER: 0.8975476622581482; val_loss: 67.34984588623047; val_CER: 0.5363102555274963; val_WER: 0.8792517781257629
2025-10-28 04:53:58,207 - root - INFO - Epoch 43; loss: 66.48866271972656; CER: 0.5753642916679382; WER: 0.8930449485778809; val_loss: 65.79920196533203; val_CER: 0.5142939686775208; val_WER: 0.8258799314498901
2025-10-28 04:54:42,628 - root - INFO - Epoch 44; loss: 63.525325775146484; CER: 0.5479573607444763; WER: 0.8683834075927734; val_loss: 60.850921630859375; val_CER: 0.5044601559638977; val_WER: 0.8168104887008667
2025-10-28 04:55:26,908 - root - INFO - Epoch 45; loss: 64.19493865966797; CER: 0.5420971512794495; WER: 0.8773725628852844; val_loss: 63.73679733276367; val_CER: 0.5335084199905396; val_WER: 0.9089862704277039
2025-10-28 04:56:09,792 - root - INFO - Epoch 46; loss: 59.76759719848633; CER: 0.5141174793243408; WER: 0.8438448905944824; val_loss: 54.72455596923828; val_CER: 0.4557575583457947; val_WER: 0.8112613558769226
2025-10-28 04:56:52,720 - root - INFO - Epoch 47; loss: 59.12754440307617; CER: 0.4843490719795227; WER: 0.830291748046875; val_loss: 52.574256896972656; val_CER: 0.4445497393608093; val_WER: 0.8129425048828125
2025-10-28 04:57:35,569 - root - INFO - Epoch 48; loss: 54.86476135253906; CER: 0.44962573051452637; WER: 0.8145855665206909; val_loss: 52.15324783325195; val_CER: 0.4103943705558777; val_WER: 0.7562366724014282
2025-10-28 04:58:18,327 - root - INFO - Epoch 49; loss: 51.38706588745117; CER: 0.4390142858028412; WER: 0.8032398819923401; val_loss: 44.565773010253906; val_CER: 0.3874971866607666; val_WER: 0.7607080340385437
2025-10-28 04:59:01,030 - root - INFO - Epoch 50; loss: 50.35734939575195; CER: 0.42371031641960144; WER: 0.7945118546485901; val_loss: 49.379676818847656; val_CER: 0.40224480628967285; val_WER: 0.7354223728179932
2025-10-28 04:59:44,151 - root - INFO - Epoch 51; loss: 47.3999137878418; CER: 0.40149348974227905; WER: 0.780122697353363; val_loss: 37.605037689208984; val_CER: 0.34914010763168335; val_WER: 0.7212616801261902
2025-10-28 05:00:26,909 - root - INFO - Epoch 52; loss: 46.253868103027344; CER: 0.38903820514678955; WER: 0.7667557001113892; val_loss: 41.47972869873047; val_CER: 0.3428546190261841; val_WER: 0.6834844946861267
2025-10-28 05:01:09,671 - root - INFO - Epoch 53; loss: 44.581329345703125; CER: 0.3692145049571991; WER: 0.7468805909156799; val_loss: 40.08271789550781; val_CER: 0.31955909729003906; val_WER: 0.6723009347915649
2025-10-28 05:01:52,611 - root - INFO - Epoch 54; loss: 43.738800048828125; CER: 0.3694648742675781; WER: 0.7574059367179871; val_loss: 37.28166961669922; val_CER: 0.3060080409049988; val_WER: 0.6925878524780273
2025-10-28 05:02:35,213 - root - INFO - Epoch 55; loss: 41.208744049072266; CER: 0.34246039390563965; WER: 0.7295671701431274; val_loss: 39.58244323730469; val_CER: 0.3105807900428772; val_WER: 0.6758438944816589
2025-10-28 05:03:18,010 - root - INFO - Epoch 56; loss: 39.29247283935547; CER: 0.3340122103691101; WER: 0.7194728255271912; val_loss: 35.007606506347656; val_CER: 0.2640461027622223; val_WER: 0.6664854288101196
2025-10-28 05:04:00,954 - root - INFO - Epoch 57; loss: 39.29850769042969; CER: 0.32118338346481323; WER: 0.7067224979400635; val_loss: 35.21611022949219; val_CER: 0.25211799144744873; val_WER: 0.6377750635147095
2025-10-28 05:04:43,453 - root - INFO - Epoch 58; loss: 37.02735900878906; CER: 0.31138548254966736; WER: 0.7071304321289062; val_loss: 31.612186431884766; val_CER: 0.35637784004211426; val_WER: 0.6627680659294128
2025-10-28 05:05:26,101 - root - INFO - Epoch 59; loss: 38.346710205078125; CER: 0.33754855394363403; WER: 0.7145428657531738; val_loss: 33.684200286865234; val_CER: 0.2668531537055969; val_WER: 0.6515088677406311
2025-10-28 05:06:09,046 - root - INFO - Epoch 60; loss: 35.15846252441406; CER: 0.29072999954223633; WER: 0.6733163595199585; val_loss: 30.42343521118164; val_CER: 0.24074093997478485; val_WER: 0.645912230014801
2025-10-28 05:06:51,664 - root - INFO - Epoch 61; loss: 33.865413665771484; CER: 0.2766847610473633; WER: 0.6494345664978027; val_loss: 31.699085235595703; val_CER: 0.25831130146980286; val_WER: 0.6204642057418823
2025-10-28 05:07:34,521 - root - INFO - Epoch 62; loss: 34.69719696044922; CER: 0.28337177634239197; WER: 0.6598755121231079; val_loss: 30.469335556030273; val_CER: 0.23303303122520447; val_WER: 0.6000787019729614
2025-10-28 05:08:17,330 - root - INFO - Epoch 63; loss: 32.937461853027344; CER: 0.29423585534095764; WER: 0.6632443070411682; val_loss: 23.842510223388672; val_CER: 0.2214238941669464; val_WER: 0.5678824186325073
2025-10-28 05:09:00,073 - root - INFO - Epoch 64; loss: 31.1649227142334; CER: 0.2647363841533661; WER: 0.6308984756469727; val_loss: 26.7419490814209; val_CER: 0.2143288552761078; val_WER: 0.5539969205856323
2025-10-28 05:09:42,698 - root - INFO - Epoch 65; loss: 33.004024505615234; CER: 0.2717418670654297; WER: 0.6337164044380188; val_loss: 28.386865615844727; val_CER: 0.23900994658470154; val_WER: 0.5770744681358337
2025-10-28 05:10:25,514 - root - INFO - Epoch 66; loss: 29.439546585083008; CER: 0.26558682322502136; WER: 0.6236420273780823; val_loss: 22.46999168395996; val_CER: 0.17166081070899963; val_WER: 0.48987048864364624
2025-10-28 05:11:08,019 - root - INFO - Epoch 67; loss: 28.525592803955078; CER: 0.2350701093673706; WER: 0.5896379351615906; val_loss: 22.604934692382812; val_CER: 0.21689410507678986; val_WER: 0.5039006471633911
2025-10-28 05:11:50,821 - root - INFO - Epoch 68; loss: 29.882396697998047; CER: 0.23835593461990356; WER: 0.6008694171905518; val_loss: 21.518146514892578; val_CER: 0.17415429651737213; val_WER: 0.4875965118408203
2025-10-28 05:12:33,829 - root - INFO - Epoch 69; loss: 28.878196716308594; CER: 0.23107945919036865; WER: 0.5900967121124268; val_loss: 21.49871253967285; val_CER: 0.2035457193851471; val_WER: 0.5060486793518066
2025-10-28 05:13:16,510 - root - INFO - Epoch 70; loss: 29.86005210876465; CER: 0.2909972369670868; WER: 0.6184242367744446; val_loss: 17.74875259399414; val_CER: 0.178071066737175; val_WER: 0.4982806146144867
2025-10-28 05:13:59,334 - root - INFO - Epoch 71; loss: 27.832683563232422; CER: 0.2601931691169739; WER: 0.5973838567733765; val_loss: 22.272991180419922; val_CER: 0.166954904794693; val_WER: 0.4583666920661926
2025-10-28 05:14:42,014 - root - INFO - Epoch 72; loss: 26.891088485717773; CER: 0.2372700273990631; WER: 0.5750783681869507; val_loss: 19.78450584411621; val_CER: 0.1760844886302948; val_WER: 0.4983590543270111
2025-10-28 05:15:24,799 - root - INFO - Epoch 73; loss: 26.192167282104492; CER: 0.21047693490982056; WER: 0.5533098578453064; val_loss: 18.568180084228516; val_CER: 0.17099206149578094; val_WER: 0.4547731876373291
2025-10-28 05:16:07,546 - root - INFO - Epoch 74; loss: 26.452043533325195; CER: 0.2213873267173767; WER: 0.561438798904419; val_loss: 24.411399841308594; val_CER: 0.1891196072101593; val_WER: 0.4908563196659088
2025-10-28 05:16:50,261 - root - INFO - Epoch 75; loss: 25.927644729614258; CER: 0.21434341371059418; WER: 0.5514185428619385; val_loss: 24.585901260375977; val_CER: 0.19830389320850372; val_WER: 0.5145598649978638
2025-10-28 05:17:32,964 - root - INFO - Epoch 76; loss: 26.219100952148438; CER: 0.22307486832141876; WER: 0.574027955532074; val_loss: 22.782474517822266; val_CER: 0.1723334640264511; val_WER: 0.4744669497013092
2025-10-28 05:18:15,641 - root - INFO - Epoch 77; loss: 24.477794647216797; CER: 0.20187515020370483; WER: 0.5248820781707764; val_loss: 20.414894104003906; val_CER: 0.1832723766565323; val_WER: 0.5257463455200195
2025-10-28 05:18:58,547 - root - INFO - Epoch 78; loss: 25.0907039642334; CER: 0.23585209250450134; WER: 0.5535883903503418; val_loss: 19.356630325317383; val_CER: 0.14535455405712128; val_WER: 0.421541303396225
2025-10-28 05:19:41,538 - root - INFO - Epoch 79; loss: 23.689796447753906; CER: 0.19579437375068665; WER: 0.5286916494369507; val_loss: 17.557231903076172; val_CER: 0.14227870106697083; val_WER: 0.4133187234401703
2025-10-28 05:20:24,245 - root - INFO - Epoch 80; loss: 23.744457244873047; CER: 0.21948853135108948; WER: 0.538601815700531; val_loss: 18.960491180419922; val_CER: 0.175505131483078; val_WER: 0.4575154781341553
2025-10-28 05:21:06,921 - root - INFO - Epoch 81; loss: 23.243738174438477; CER: 0.20664575695991516; WER: 0.5346307158470154; val_loss: 22.588714599609375; val_CER: 0.16127637028694153; val_WER: 0.4551767408847809
2025-10-28 05:21:49,887 - root - INFO - Epoch 82; loss: 22.69403839111328; CER: 0.2162422239780426; WER: 0.5124631524085999; val_loss: 16.292741775512695; val_CER: 0.13678951561450958; val_WER: 0.4208403527736664
2025-10-28 05:22:32,617 - root - INFO - Epoch 83; loss: 21.44427490234375; CER: 0.18888072669506073; WER: 0.5019519925117493; val_loss: 22.46668243408203; val_CER: 0.15889030694961548; val_WER: 0.4370328485965729
2025-10-28 05:23:15,210 - root - INFO - Epoch 84; loss: 22.4414119720459; CER: 0.1875128149986267; WER: 0.5089331269264221; val_loss: 16.920848846435547; val_CER: 0.14517642557621002; val_WER: 0.46222472190856934
2025-10-28 05:23:57,970 - root - INFO - Epoch 85; loss: 22.27801513671875; CER: 0.18401159346103668; WER: 0.505017101764679; val_loss: 19.08339500427246; val_CER: 0.1705596148967743; val_WER: 0.4768105149269104
2025-10-28 05:24:40,856 - root - INFO - Epoch 86; loss: 24.146074295043945; CER: 0.1881016492843628; WER: 0.5127025842666626; val_loss: 22.227371215820312; val_CER: 0.17412443459033966; val_WER: 0.49771326780319214
2025-10-28 05:25:23,604 - root - INFO - Epoch 87; loss: 22.980579376220703; CER: 0.18643929064273834; WER: 0.5095891952514648; val_loss: 20.96341323852539; val_CER: 0.1592111736536026; val_WER: 0.4584104120731354
2025-10-28 05:26:06,517 - root - INFO - Epoch 88; loss: 21.223424911499023; CER: 0.17568354308605194; WER: 0.48637866973876953; val_loss: 17.03350257873535; val_CER: 0.13299718499183655; val_WER: 0.40129828453063965
2025-10-28 05:26:49,137 - root - INFO - Epoch 89; loss: 23.455305099487305; CER: 0.1751313954591751; WER: 0.48095187544822693; val_loss: 17.95370864868164; val_CER: 0.13821567595005035; val_WER: 0.42739853262901306
2025-10-28 05:27:31,706 - root - INFO - Epoch 90; loss: 21.203737258911133; CER: 0.17845113575458527; WER: 0.48534926772117615; val_loss: 23.24071502685547; val_CER: 0.1786365509033203; val_WER: 0.45318493247032166
2025-10-28 05:28:14,484 - root - INFO - Epoch 91; loss: 19.66891098022461; CER: 0.1569097936153412; WER: 0.45543327927589417; val_loss: 23.702892303466797; val_CER: 0.4290032386779785; val_WER: 0.5725399851799011
2025-10-28 05:28:56,956 - root - INFO - Epoch 92; loss: 20.292362213134766; CER: 0.16571275889873505; WER: 0.4828908145427704; val_loss: 15.504115104675293; val_CER: 0.13964203000068665; val_WER: 0.41778677701950073
2025-10-28 05:29:39,772 - root - INFO - Epoch 93; loss: 20.832740783691406; CER: 0.17563532292842865; WER: 0.48132550716400146; val_loss: 16.493072509765625; val_CER: 0.11157494783401489; val_WER: 0.3389725685119629
2025-10-28 05:30:22,541 - root - INFO - Epoch 94; loss: 19.251426696777344; CER: 0.1626194417476654; WER: 0.47325602173805237; val_loss: 20.58127212524414; val_CER: 0.1629931777715683; val_WER: 0.4260006844997406
2025-10-28 05:31:05,884 - root - INFO - Epoch 95; loss: 19.2858943939209; CER: 0.1659637987613678; WER: 0.4661177694797516; val_loss: 17.491382598876953; val_CER: 0.12417833507061005; val_WER: 0.3893290162086487
2025-10-28 05:31:48,881 - root - INFO - Epoch 96; loss: 20.862926483154297; CER: 0.17034123837947845; WER: 0.4651918411254883; val_loss: 13.897100448608398; val_CER: 0.14984974265098572; val_WER: 0.4018328785896301
2025-10-28 05:32:31,507 - root - INFO - Epoch 97; loss: 20.7343807220459; CER: 0.19019465148448944; WER: 0.469733327627182; val_loss: 14.613176345825195; val_CER: 0.1433965563774109; val_WER: 0.408710777759552
2025-10-28 05:33:14,146 - root - INFO - Epoch 98; loss: 19.887392044067383; CER: 0.16794368624687195; WER: 0.46723392605781555; val_loss: 14.904264450073242; val_CER: 0.13992522656917572; val_WER: 0.39210671186447144
2025-10-28 05:33:56,733 - root - INFO - Epoch 99; loss: 20.36468505859375; CER: 0.15669721364974976; WER: 0.44431138038635254; val_loss: 18.154125213623047; val_CER: 0.1512850970029831; val_WER: 0.42890244722366333
2025-10-28 05:34:39,670 - root - INFO - Epoch 100; loss: 18.244524002075195; CER: 0.15587669610977173; WER: 0.4331904351711273; val_loss: 12.271533012390137; val_CER: 0.09951363503932953; val_WER: 0.31030184030532837
2025-10-28 05:35:22,346 - root - INFO - Epoch 101; loss: 18.732725143432617; CER: 0.15302272140979767; WER: 0.4423593282699585; val_loss: 16.23373794555664; val_CER: 0.11452636867761612; val_WER: 0.36233842372894287
2025-10-28 05:36:05,695 - root - INFO - Epoch 102; loss: 18.571252822875977; CER: 0.19728469848632812; WER: 0.46248841285705566; val_loss: 14.244183540344238; val_CER: 0.114798404276371; val_WER: 0.36267539858818054
2025-10-28 05:36:48,266 - root - INFO - Epoch 103; loss: 18.69917106628418; CER: 0.1567392200231552; WER: 0.44544345140457153; val_loss: 15.522807121276855; val_CER: 0.12536309659481049; val_WER: 0.35616615414619446
2025-10-28 05:37:30,851 - root - INFO - Epoch 104; loss: 17.49954605102539; CER: 0.16928187012672424; WER: 0.44129735231399536; val_loss: 18.30721092224121; val_CER: 0.12186040729284286; val_WER: 0.373175710439682
2025-10-28 05:38:13,466 - root - INFO - Epoch 105; loss: 16.934236526489258; CER: 0.16467849910259247; WER: 0.4440161883831024; val_loss: 13.419710159301758; val_CER: 0.10651078075170517; val_WER: 0.35299330949783325
2025-10-28 05:38:56,346 - root - INFO - Epoch 106; loss: 18.900251388549805; CER: 0.1511911302804947; WER: 0.4315073788166046; val_loss: 12.417016983032227; val_CER: 0.10862976312637329; val_WER: 0.34457162022590637
2025-10-28 05:39:38,963 - root - INFO - Epoch 107; loss: 17.224472045898438; CER: 0.14634910225868225; WER: 0.4219507575035095; val_loss: 14.574981689453125; val_CER: 0.11491672694683075; val_WER: 0.337948739528656
2025-10-28 05:40:22,230 - root - INFO - Epoch 108; loss: 16.340150833129883; CER: 0.14680850505828857; WER: 0.4292544424533844; val_loss: 14.516977310180664; val_CER: 0.1205260381102562; val_WER: 0.35998421907424927
2025-10-28 05:41:06,823 - root - INFO - Epoch 109; loss: 16.374677658081055; CER: 0.13441479206085205; WER: 0.40754371881484985; val_loss: 14.827610969543457; val_CER: 0.13018591701984406; val_WER: 0.38014325499534607
2025-10-28 05:41:51,334 - root - INFO - Epoch 110; loss: 16.424901962280273; CER: 0.14483822882175446; WER: 0.42473912239074707; val_loss: 12.096153259277344; val_CER: 0.11583726108074188; val_WER: 0.36978501081466675
2025-10-28 05:42:35,475 - root - INFO - Epoch 111; loss: 16.574939727783203; CER: 0.137634739279747; WER: 0.40166908502578735; val_loss: 16.2652530670166; val_CER: 0.12054026126861572; val_WER: 0.3763141334056854
2025-10-28 05:43:18,733 - root - INFO - Epoch 112; loss: 17.484821319580078; CER: 0.1496877670288086; WER: 0.4248522222042084; val_loss: 14.628616333007812; val_CER: 0.13372893631458282; val_WER: 0.3774566054344177
2025-10-28 05:44:01,434 - root - INFO - Epoch 113; loss: 16.716651916503906; CER: 0.1401326209306717; WER: 0.421122670173645; val_loss: 14.624467849731445; val_CER: 0.13011574745178223; val_WER: 0.3754943609237671
2025-10-28 05:44:47,899 - root - INFO - Epoch 114; loss: 16.884117126464844; CER: 0.13526104390621185; WER: 0.40229007601737976; val_loss: 13.973533630371094; val_CER: 0.12022856622934341; val_WER: 0.3682742714881897
2025-10-28 05:45:31,159 - root - INFO - Epoch 115; loss: 16.0234317779541; CER: 0.14231441915035248; WER: 0.41307342052459717; val_loss: 12.729253768920898; val_CER: 0.10219117254018784; val_WER: 0.3758928179740906
2025-10-28 05:46:14,223 - root - INFO - Epoch 116; loss: 17.030576705932617; CER: 0.14357657730579376; WER: 0.40778666734695435; val_loss: 15.985507011413574; val_CER: 0.12616269290447235; val_WER: 0.3497605323791504
2025-10-28 05:46:57,009 - root - INFO - Epoch 117; loss: 15.324776649475098; CER: 0.13039660453796387; WER: 0.39818501472473145; val_loss: 14.04150676727295; val_CER: 0.11642040312290192; val_WER: 0.36827653646469116
2025-10-28 05:47:39,759 - root - INFO - Epoch 118; loss: 16.817407608032227; CER: 0.13812704384326935; WER: 0.4211537539958954; val_loss: 24.41930389404297; val_CER: 0.21214327216148376; val_WER: 0.5887243151664734
2025-10-28 05:48:23,848 - root - INFO - Epoch 119; loss: 17.352825164794922; CER: 0.16353648900985718; WER: 0.4245935380458832; val_loss: 10.481790542602539; val_CER: 0.09304716438055038; val_WER: 0.297110378742218
2025-10-28 05:49:14,730 - root - INFO - Epoch 120; loss: 15.31118392944336; CER: 0.1479538381099701; WER: 0.40605440735816956; val_loss: 13.750448226928711; val_CER: 0.12081477791070938; val_WER: 0.3441976010799408
2025-10-28 05:50:04,561 - root - INFO - Epoch 121; loss: 16.47079086303711; CER: 0.1348867565393448; WER: 0.3980717062950134; val_loss: 13.154339790344238; val_CER: 0.09807160496711731; val_WER: 0.33773839473724365
2025-10-28 05:51:12,685 - root - INFO - Epoch 122; loss: 15.068946838378906; CER: 0.13381381332874298; WER: 0.4031509459018707; val_loss: 12.497285842895508; val_CER: 0.09519466012716293; val_WER: 0.3343835771083832
2025-10-28 05:52:13,748 - root - INFO - Epoch 123; loss: 15.758844375610352; CER: 0.12861590087413788; WER: 0.39001283049583435; val_loss: 12.333547592163086; val_CER: 0.11128847301006317; val_WER: 0.3530993163585663
2025-10-28 05:53:11,638 - root - INFO - Epoch 124; loss: 16.32293128967285; CER: 0.1319352388381958; WER: 0.40673965215682983; val_loss: 12.59716796875; val_CER: 0.10607545077800751; val_WER: 0.3417748808860779
2025-10-28 05:54:08,771 - root - INFO - Epoch 125; loss: 15.101479530334473; CER: 0.12989531457424164; WER: 0.38673916459083557; val_loss: 11.981710433959961; val_CER: 0.07651692628860474; val_WER: 0.26633208990097046
2025-10-28 05:55:02,550 - root - INFO - Epoch 126; loss: 16.026756286621094; CER: 0.12142126262187958; WER: 0.3810240924358368; val_loss: 11.489564895629883; val_CER: 0.10528850555419922; val_WER: 0.313819944858551
2025-10-28 05:55:54,614 - root - INFO - Epoch 127; loss: 15.022273063659668; CER: 0.12668319046497345; WER: 0.3840630054473877; val_loss: 14.009185791015625; val_CER: 0.10611530393362045; val_WER: 0.3356100916862488
2025-10-28 05:56:43,817 - root - INFO - Epoch 128; loss: 15.015746116638184; CER: 0.120122529566288; WER: 0.38476699590682983; val_loss: 11.409704208374023; val_CER: 0.10353197157382965; val_WER: 0.3504658341407776
2025-10-28 05:57:27,387 - root - INFO - Epoch 129; loss: 15.449292182922363; CER: 0.12400268763303757; WER: 0.38972651958465576; val_loss: 11.905272483825684; val_CER: 0.09453533589839935; val_WER: 0.3490613102912903
2025-10-28 05:58:10,802 - root - INFO - Epoch 130; loss: 14.604717254638672; CER: 0.12321080267429352; WER: 0.37417957186698914; val_loss: 13.430366516113281; val_CER: 0.10879312455654144; val_WER: 0.31385260820388794
2025-10-28 05:58:55,304 - root - INFO - Epoch 131; loss: 14.916118621826172; CER: 0.126461461186409; WER: 0.383853554725647; val_loss: 16.342239379882812; val_CER: 0.10141301155090332; val_WER: 0.34138402342796326
2025-10-28 05:59:41,169 - root - INFO - Epoch 132; loss: 14.429096221923828; CER: 0.12667492032051086; WER: 0.36738187074661255; val_loss: 12.938397407531738; val_CER: 0.10883700847625732; val_WER: 0.35227712988853455
2025-10-28 06:00:30,530 - root - INFO - Epoch 133; loss: 13.074573516845703; CER: 0.11590588837862015; WER: 0.34654390811920166; val_loss: 11.268289566040039; val_CER: 0.10368946939706802; val_WER: 0.31120142340660095
2025-10-28 06:01:22,601 - root - INFO - Epoch 134; loss: 15.564311981201172; CER: 0.12155243009328842; WER: 0.3802819848060608; val_loss: 14.491004943847656; val_CER: 0.10565239191055298; val_WER: 0.33492302894592285
2025-10-28 06:02:15,101 - root - INFO - Epoch 135; loss: 14.458045959472656; CER: 0.124115951359272; WER: 0.3670351505279541; val_loss: 13.588668823242188; val_CER: 0.11034615337848663; val_WER: 0.31609266996383667
2025-10-28 06:03:03,597 - root - INFO - Epoch 136; loss: 14.338711738586426; CER: 0.118927963078022; WER: 0.37044766545295715; val_loss: 12.755817413330078; val_CER: 0.10360467433929443; val_WER: 0.3455708622932434
2025-10-28 06:03:52,298 - root - INFO - Epoch 137; loss: 13.7568359375; CER: 0.11876273900270462; WER: 0.3668278753757477; val_loss: 14.384590148925781; val_CER: 0.10126590728759766; val_WER: 0.3012099862098694
2025-10-28 06:04:40,791 - root - INFO - Epoch 138; loss: 14.058856964111328; CER: 0.1432150900363922; WER: 0.38031473755836487; val_loss: 12.153060913085938; val_CER: 0.09412039816379547; val_WER: 0.31949371099472046
2025-10-28 06:05:29,317 - root - INFO - Epoch 139; loss: 14.474732398986816; CER: 0.1213620975613594; WER: 0.3658338785171509; val_loss: 10.35520076751709; val_CER: 0.08491453528404236; val_WER: 0.2867004871368408
2025-10-28 06:06:18,098 - root - INFO - Epoch 140; loss: 13.077802658081055; CER: 0.11720578372478485; WER: 0.3506070375442505; val_loss: 11.201762199401855; val_CER: 0.08969271183013916; val_WER: 0.3113131821155548
2025-10-28 06:07:06,615 - root - INFO - Epoch 141; loss: 14.031970024108887; CER: 0.1382851004600525; WER: 0.35772666335105896; val_loss: 12.531975746154785; val_CER: 0.25599604845046997; val_WER: 0.4101671278476715
2025-10-28 06:07:54,491 - root - INFO - Epoch 142; loss: 13.653796195983887; CER: 0.11143287271261215; WER: 0.35347217321395874; val_loss: 13.667997360229492; val_CER: 0.23019833862781525; val_WER: 0.37201258540153503
2025-10-28 06:08:43,035 - root - INFO - Epoch 143; loss: 14.347386360168457; CER: 0.14340536296367645; WER: 0.37172600626945496; val_loss: 15.2326021194458; val_CER: 0.12530255317687988; val_WER: 0.3647032678127289
2025-10-28 06:09:31,789 - root - INFO - Epoch 144; loss: 15.085155487060547; CER: 0.1344550997018814; WER: 0.3678148686885834; val_loss: 11.23532772064209; val_CER: 0.07672329246997833; val_WER: 0.27214062213897705
2025-10-28 06:10:20,759 - root - INFO - Epoch 145; loss: 13.921258926391602; CER: 0.11705157905817032; WER: 0.33533918857574463; val_loss: 15.447056770324707; val_CER: 0.10673961788415909; val_WER: 0.3018122911453247
2025-10-28 06:10:23,122 - tf2onnx.tfonnx - INFO - Using tensorflow=2.10.0, onnx=1.12.0, tf2onnx=1.14.0/8f8d49
2025-10-28 06:10:23,123 - tf2onnx.tfonnx - INFO - Using opset <onnx, 15>
2025-10-28 06:10:23,299 - tf2onnx.tf_utils - INFO - Computed 0 values for constant folding
2025-10-28 06:10:23,305 - tf2onnx.tf_utils - INFO - Computed 0 values for constant folding
2025-10-28 06:10:23,307 - tf2onnx.tf_utils - INFO - Computed 0 values for constant folding
2025-10-28 06:10:23,310 - tf2onnx.tf_utils - INFO - Computed 0 values for constant folding
2025-10-28 06:10:23,317 - tf2onnx.tf_utils - INFO - Computed 0 values for constant folding
2025-10-28 06:10:23,319 - tf2onnx.tf_utils - INFO - Computed 0 values for constant folding
2025-10-28 06:10:23,325 - tf2onnx.tf_utils - INFO - Computed 0 values for constant folding
2025-10-28 06:10:23,329 - tf2onnx.tf_utils - INFO - Computed 0 values for constant folding
2025-10-28 06:10:23,389 - tf2onnx.tf_utils - INFO - Computed 2 values for constant folding
2025-10-28 06:10:23,499 - tf2onnx.tfonnx - INFO - folding node using tf type=StridedSlice, name=model/bidirectional/forward_lstm/PartitionedCall/strided_slice
2025-10-28 06:10:23,499 - tf2onnx.tfonnx - INFO - folding node using tf type=StridedSlice, name=model/bidirectional/backward_lstm/PartitionedCall/strided_slice
2025-10-28 06:10:23,782 - tf2onnx.optimizer - INFO - Optimizing ONNX model
2025-10-28 06:10:24,607 - tf2onnx.optimizer - INFO - After optimization: BatchNormalization -18 (18->0), Cast -8 (17->9), Concat -8 (17->9), Const -173 (243->70), Expand -6 (8->2), Gather +3 (2->5), Identity -2 (2->0), Shape -2 (6->4), Slice -2 (9->7), Squeeze -5 (9->4), Transpose -86 (90->4), Unsqueeze -25 (29->4)
