2025-11-03 01:08:23,988 - root - INFO - Epoch 0; loss: 150.5273895263672; CER: 1.1717840433120728; WER: 1.0; val_loss: 122.61004638671875; val_CER: 1.0; val_WER: 1.0
2025-11-03 01:09:24,220 - root - INFO - Epoch 1; loss: 110.61554718017578; CER: 1.0; WER: 1.0; val_loss: 143.89064025878906; val_CER: 1.0; val_WER: 1.0
2025-11-03 01:10:25,105 - root - INFO - Epoch 2; loss: 109.09451293945312; CER: 1.0; WER: 1.0; val_loss: 153.30841064453125; val_CER: 1.0; val_WER: 1.0
2025-11-03 01:11:25,971 - root - INFO - Epoch 3; loss: 108.35624694824219; CER: 1.0; WER: 1.0; val_loss: 146.73455810546875; val_CER: 1.0; val_WER: 1.0
2025-11-03 01:12:28,047 - root - INFO - Epoch 4; loss: 106.51580047607422; CER: 0.999833345413208; WER: 0.9994792342185974; val_loss: 152.09365844726562; val_CER: 1.0; val_WER: 1.0
2025-11-03 01:13:29,358 - root - INFO - Epoch 5; loss: 106.39073181152344; CER: 0.9999100565910339; WER: 0.9995774030685425; val_loss: 138.8424530029297; val_CER: 1.0; val_WER: 1.0
2025-11-03 01:14:30,606 - root - INFO - Epoch 6; loss: 106.40806579589844; CER: 0.9996355772018433; WER: 0.9987244009971619; val_loss: 149.62318420410156; val_CER: 1.0; val_WER: 1.0
2025-11-03 01:15:31,500 - root - INFO - Epoch 7; loss: 105.55699920654297; CER: 0.9997687339782715; WER: 0.9990912079811096; val_loss: 120.71240234375; val_CER: 1.0; val_WER: 1.0
2025-11-03 01:16:31,563 - root - INFO - Epoch 8; loss: 105.59355163574219; CER: 0.9993751645088196; WER: 0.9976789951324463; val_loss: 114.6996078491211; val_CER: 1.0; val_WER: 1.0
2025-11-03 01:17:31,133 - root - INFO - Epoch 9; loss: 106.61878967285156; CER: 0.9991220831871033; WER: 0.9965521097183228; val_loss: 119.36297607421875; val_CER: 1.0; val_WER: 1.0
2025-11-03 01:18:30,320 - root - INFO - Epoch 10; loss: 106.0273208618164; CER: 0.9975901246070862; WER: 0.9939626455307007; val_loss: 108.6642837524414; val_CER: 1.0; val_WER: 1.0
2025-11-03 01:19:29,749 - root - INFO - Epoch 11; loss: 106.61247253417969; CER: 0.9944343566894531; WER: 0.987244188785553; val_loss: 108.57789611816406; val_CER: 0.9967764616012573; val_WER: 1.0
2025-11-03 01:20:28,989 - root - INFO - Epoch 12; loss: 105.98489379882812; CER: 0.9911482334136963; WER: 0.986906111240387; val_loss: 110.61732482910156; val_CER: 0.9807577133178711; val_WER: 0.9779167175292969
2025-11-03 01:21:28,424 - root - INFO - Epoch 13; loss: 104.77626037597656; CER: 0.9874956011772156; WER: 0.985583484172821; val_loss: 116.81367492675781; val_CER: 0.9903571009635925; val_WER: 1.0
2025-11-03 01:22:27,501 - root - INFO - Epoch 14; loss: 105.93290710449219; CER: 0.9813326001167297; WER: 0.9919832348823547; val_loss: 122.2794189453125; val_CER: 0.9834895133972168; val_WER: 0.9921701550483704
2025-11-03 01:23:26,942 - root - INFO - Epoch 15; loss: 105.1019515991211; CER: 0.9803634881973267; WER: 0.9915885329246521; val_loss: 112.34918212890625; val_CER: 0.9794566035270691; val_WER: 0.9914733171463013
2025-11-03 01:24:26,023 - root - INFO - Epoch 16; loss: 104.40766906738281; CER: 0.9764006733894348; WER: 0.9866346120834351; val_loss: 130.7909393310547; val_CER: 0.9939320683479309; val_WER: 1.0
2025-11-03 01:25:25,259 - root - INFO - Epoch 17; loss: 106.76883697509766; CER: 0.9644556641578674; WER: 0.9722057580947876; val_loss: 104.8326187133789; val_CER: 0.9625198245048523; val_WER: 0.9669197201728821
2025-11-03 01:26:24,742 - root - INFO - Epoch 18; loss: 97.87244415283203; CER: 0.8577972650527954; WER: 0.9782417416572571; val_loss: 99.16767883300781; val_CER: 0.7651763558387756; val_WER: 1.0354143381118774
2025-11-03 01:27:24,432 - root - INFO - Epoch 19; loss: 90.64490509033203; CER: 0.7871841192245483; WER: 0.9822379946708679; val_loss: 85.00115203857422; val_CER: 0.7554256319999695; val_WER: 0.945252537727356
2025-11-03 01:28:24,208 - root - INFO - Epoch 20; loss: 86.28563690185547; CER: 0.7409646511077881; WER: 0.9379382133483887; val_loss: 86.15056610107422; val_CER: 0.7293165922164917; val_WER: 0.9163713455200195
2025-11-03 01:29:23,807 - root - INFO - Epoch 21; loss: 81.84712982177734; CER: 0.7004117369651794; WER: 0.9210559129714966; val_loss: 88.00701141357422; val_CER: 0.7350051999092102; val_WER: 0.9448615908622742
2025-11-03 01:30:23,459 - root - INFO - Epoch 22; loss: 74.49011993408203; CER: 0.6374592185020447; WER: 0.9041767716407776; val_loss: 83.41040802001953; val_CER: 0.7025496959686279; val_WER: 0.9228940010070801
2025-11-03 01:31:23,008 - root - INFO - Epoch 23; loss: 67.54650115966797; CER: 0.5594236850738525; WER: 0.8604885339736938; val_loss: 165.62022399902344; val_CER: 0.9235345125198364; val_WER: 1.0
2025-11-03 01:32:22,714 - root - INFO - Epoch 24; loss: 61.72441864013672; CER: 0.5155808329582214; WER: 0.8466289639472961; val_loss: 60.181297302246094; val_CER: 0.5228624939918518; val_WER: 0.8476489782333374
2025-11-03 01:33:22,378 - root - INFO - Epoch 25; loss: 56.206138610839844; CER: 0.4591625928878784; WER: 0.8143988251686096; val_loss: 50.2437629699707; val_CER: 0.4326096177101135; val_WER: 0.8196254968643188
2025-11-03 01:34:22,012 - root - INFO - Epoch 26; loss: 51.321781158447266; CER: 0.4217153489589691; WER: 0.7975506782531738; val_loss: 48.97584915161133; val_CER: 0.3980844020843506; val_WER: 0.7828060984611511
2025-11-03 01:35:21,628 - root - INFO - Epoch 27; loss: 48.03450012207031; CER: 0.38555118441581726; WER: 0.7657213807106018; val_loss: 39.92622375488281; val_CER: 0.32441118359565735; val_WER: 0.7074801325798035
2025-11-03 01:36:21,335 - root - INFO - Epoch 28; loss: 45.143428802490234; CER: 0.3645641803741455; WER: 0.7474109530448914; val_loss: 37.003726959228516; val_CER: 0.3074882924556732; val_WER: 0.6987521052360535
2025-11-03 01:37:21,093 - root - INFO - Epoch 29; loss: 40.841339111328125; CER: 0.34239456057548523; WER: 0.7296549081802368; val_loss: 34.454288482666016; val_CER: 0.2702292203903198; val_WER: 0.6551549434661865
2025-11-03 01:38:20,893 - root - INFO - Epoch 30; loss: 38.46554183959961; CER: 0.3332020044326782; WER: 0.7175911068916321; val_loss: 36.340087890625; val_CER: 0.27393534779548645; val_WER: 0.6501086354255676
2025-11-03 01:39:20,583 - root - INFO - Epoch 31; loss: 37.51035690307617; CER: 0.3031785190105438; WER: 0.6786529421806335; val_loss: 34.244049072265625; val_CER: 0.2775164544582367; val_WER: 0.6374766230583191
2025-11-03 01:40:20,423 - root - INFO - Epoch 32; loss: 34.979209899902344; CER: 0.2882819175720215; WER: 0.6698556542396545; val_loss: 32.79905319213867; val_CER: 0.2584184408187866; val_WER: 0.6187021732330322
2025-11-03 01:41:20,911 - root - INFO - Epoch 33; loss: 32.86115264892578; CER: 0.27825474739074707; WER: 0.6533019542694092; val_loss: 26.91497230529785; val_CER: 0.22459909319877625; val_WER: 0.5534442067146301
2025-11-03 01:42:21,018 - root - INFO - Epoch 34; loss: 32.37519073486328; CER: 0.26571905612945557; WER: 0.6324163675308228; val_loss: 26.94333267211914; val_CER: 0.22500081360340118; val_WER: 0.5674935579299927
2025-11-03 01:43:20,884 - root - INFO - Epoch 35; loss: 31.834300994873047; CER: 0.2709026038646698; WER: 0.6275596022605896; val_loss: 26.126028060913086; val_CER: 0.20811860263347626; val_WER: 0.5437098145484924
2025-11-03 01:44:20,700 - root - INFO - Epoch 36; loss: 30.075719833374023; CER: 0.2503647208213806; WER: 0.6126027703285217; val_loss: 25.863693237304688; val_CER: 0.20123541355133057; val_WER: 0.5427330732345581
2025-11-03 01:45:20,310 - root - INFO - Epoch 37; loss: 28.4161434173584; CER: 0.25293871760368347; WER: 0.6000983715057373; val_loss: 24.67081642150879; val_CER: 0.2100488245487213; val_WER: 0.5492299795150757
2025-11-03 01:46:20,206 - root - INFO - Epoch 38; loss: 27.327014923095703; CER: 0.221603125333786; WER: 0.5637013912200928; val_loss: 23.086549758911133; val_CER: 0.19413599371910095; val_WER: 0.51915442943573
2025-11-03 01:47:20,087 - root - INFO - Epoch 39; loss: 26.82101058959961; CER: 0.2249975949525833; WER: 0.5720812678337097; val_loss: 25.932754516601562; val_CER: 0.19112250208854675; val_WER: 0.5178104639053345
2025-11-03 01:48:19,767 - root - INFO - Epoch 40; loss: 25.5448055267334; CER: 0.22217486798763275; WER: 0.5555815696716309; val_loss: 21.844945907592773; val_CER: 0.168396458029747; val_WER: 0.4588349759578705
2025-11-03 01:49:19,605 - root - INFO - Epoch 41; loss: 25.190624237060547; CER: 0.22105160355567932; WER: 0.5494897365570068; val_loss: 21.28471565246582; val_CER: 0.16573002934455872; val_WER: 0.45207586884498596
2025-11-03 01:50:19,337 - root - INFO - Epoch 42; loss: 25.68758773803711; CER: 0.22271668910980225; WER: 0.5426028966903687; val_loss: 21.533430099487305; val_CER: 0.1851789355278015; val_WER: 0.4967431426048279
2025-11-03 01:51:18,536 - root - INFO - Epoch 43; loss: 25.429712295532227; CER: 0.2075875997543335; WER: 0.5330737233161926; val_loss: 21.85562515258789; val_CER: 0.17680664360523224; val_WER: 0.4911235272884369
2025-11-03 01:52:17,803 - root - INFO - Epoch 44; loss: 24.332015991210938; CER: 0.22188450396060944; WER: 0.5388470888137817; val_loss: 20.792890548706055; val_CER: 0.1726904958486557; val_WER: 0.4745100140571594
2025-11-03 01:53:17,050 - root - INFO - Epoch 45; loss: 22.832500457763672; CER: 0.18980169296264648; WER: 0.5068157315254211; val_loss: 78.90516662597656; val_CER: 0.543274462223053; val_WER: 0.9556459188461304
2025-11-03 01:54:16,531 - root - INFO - Epoch 46; loss: 23.097810745239258; CER: 0.18363147974014282; WER: 0.5051734447479248; val_loss: 18.892879486083984; val_CER: 0.1441349983215332; val_WER: 0.42885822057724
2025-11-03 01:55:15,803 - root - INFO - Epoch 47; loss: 22.232006072998047; CER: 0.1864279806613922; WER: 0.5013153553009033; val_loss: 20.433673858642578; val_CER: 0.15184861421585083; val_WER: 0.42334866523742676
2025-11-03 01:56:15,268 - root - INFO - Epoch 48; loss: 21.688547134399414; CER: 0.17710720002651215; WER: 0.49263083934783936; val_loss: 19.988862991333008; val_CER: 0.1417236626148224; val_WER: 0.41046014428138733
2025-11-03 01:57:14,388 - root - INFO - Epoch 49; loss: 22.230392456054688; CER: 0.18853659927845; WER: 0.4985274374485016; val_loss: 16.884559631347656; val_CER: 0.14598889648914337; val_WER: 0.4156529903411865
2025-11-03 01:58:13,577 - root - INFO - Epoch 50; loss: 21.352197647094727; CER: 0.18564245104789734; WER: 0.49032890796661377; val_loss: 19.151941299438477; val_CER: 0.1495782732963562; val_WER: 0.4310239851474762
2025-11-03 01:59:12,863 - root - INFO - Epoch 51; loss: 20.04393768310547; CER: 0.17669625580310822; WER: 0.47480762004852295; val_loss: 15.80305004119873; val_CER: 0.14542719721794128; val_WER: 0.36733609437942505
2025-11-03 02:00:12,487 - root - INFO - Epoch 52; loss: 20.08188819885254; CER: 0.1606893092393875; WER: 0.4608936011791229; val_loss: 16.03421974182129; val_CER: 0.13038958609104156; val_WER: 0.3972833752632141
2025-11-03 02:01:11,621 - root - INFO - Epoch 53; loss: 20.220197677612305; CER: 0.1661980003118515; WER: 0.4633803069591522; val_loss: 16.379581451416016; val_CER: 0.1536063700914383; val_WER: 0.3929441273212433
2025-11-03 02:02:10,765 - root - INFO - Epoch 54; loss: 19.439807891845703; CER: 0.15794529020786285; WER: 0.4526263177394867; val_loss: 78.27911376953125; val_CER: 0.514521598815918; val_WER: 0.9485540390014648
2025-11-03 02:03:10,167 - root - INFO - Epoch 55; loss: 19.287694931030273; CER: 0.15489380061626434; WER: 0.4461958408355713; val_loss: 17.112293243408203; val_CER: 0.12928569316864014; val_WER: 0.37281230092048645
2025-11-03 02:04:09,413 - root - INFO - Epoch 56; loss: 18.382810592651367; CER: 0.1518642008304596; WER: 0.4436239004135132; val_loss: 15.382319450378418; val_CER: 0.11230484396219254; val_WER: 0.3811154067516327
2025-11-03 02:05:08,705 - root - INFO - Epoch 57; loss: 18.49458122253418; CER: 0.17101116478443146; WER: 0.44795364141464233; val_loss: 14.686119079589844; val_CER: 0.12985137104988098; val_WER: 0.4024617075920105
2025-11-03 02:06:07,913 - root - INFO - Epoch 58; loss: 17.865339279174805; CER: 0.1542268544435501; WER: 0.4465970993041992; val_loss: 34.493507385253906; val_CER: 0.2911366820335388; val_WER: 0.7558795213699341
2025-11-03 02:07:07,116 - root - INFO - Epoch 59; loss: 17.938268661499023; CER: 0.1497248262166977; WER: 0.4334941804409027; val_loss: 16.848581314086914; val_CER: 0.13466008007526398; val_WER: 0.38602542877197266
2025-11-03 02:08:06,311 - root - INFO - Epoch 60; loss: 17.31309700012207; CER: 0.1551360934972763; WER: 0.4265959858894348; val_loss: 17.467931747436523; val_CER: 0.12523221969604492; val_WER: 0.36005792021751404
2025-11-03 02:09:05,551 - root - INFO - Epoch 61; loss: 17.906227111816406; CER: 0.15543857216835022; WER: 0.43638867139816284; val_loss: 36.28133010864258; val_CER: 0.2950344681739807; val_WER: 0.6688240766525269
2025-11-03 02:10:04,968 - root - INFO - Epoch 62; loss: 17.991832733154297; CER: 0.16915830969810486; WER: 0.4317995011806488; val_loss: 13.870135307312012; val_CER: 0.1040940135717392; val_WER: 0.331529438495636
2025-11-03 02:11:04,225 - root - INFO - Epoch 63; loss: 16.399372100830078; CER: 0.13976255059242249; WER: 0.40346911549568176; val_loss: 14.197851181030273; val_CER: 0.1150336042046547; val_WER: 0.373325914144516
2025-11-03 02:12:03,482 - root - INFO - Epoch 64; loss: 16.674299240112305; CER: 0.15181738138198853; WER: 0.4100310504436493; val_loss: 14.50615119934082; val_CER: 0.10962136834859848; val_WER: 0.33756083250045776
2025-11-03 02:13:02,612 - root - INFO - Epoch 65; loss: 15.68120002746582; CER: 0.13804654777050018; WER: 0.3883945643901825; val_loss: 12.696943283081055; val_CER: 0.11019028723239899; val_WER: 0.3549988269805908
2025-11-03 02:14:01,767 - root - INFO - Epoch 66; loss: 16.370925903320312; CER: 0.16258251667022705; WER: 0.40328726172447205; val_loss: 16.27842140197754; val_CER: 0.14938940107822418; val_WER: 0.38436055183410645
2025-11-03 02:15:01,060 - root - INFO - Epoch 67; loss: 16.308528900146484; CER: 0.14521268010139465; WER: 0.4048915207386017; val_loss: 13.152708053588867; val_CER: 0.10838544368743896; val_WER: 0.35898512601852417
2025-11-03 02:16:00,163 - root - INFO - Epoch 68; loss: 16.094449996948242; CER: 0.14170190691947937; WER: 0.3955329656600952; val_loss: 14.24139404296875; val_CER: 0.11373875290155411; val_WER: 0.3699217736721039
2025-11-03 02:16:59,497 - root - INFO - Epoch 69; loss: 15.400970458984375; CER: 0.12416282296180725; WER: 0.3860064744949341; val_loss: 12.855447769165039; val_CER: 0.10376273095607758; val_WER: 0.3276941478252411
2025-11-03 02:17:58,817 - root - INFO - Epoch 70; loss: 14.895493507385254; CER: 0.1338862180709839; WER: 0.37813514471054077; val_loss: 14.271626472473145; val_CER: 0.09715570509433746; val_WER: 0.31184718012809753
2025-11-03 02:18:58,252 - root - INFO - Epoch 71; loss: 14.913241386413574; CER: 0.14144425094127655; WER: 0.3844732642173767; val_loss: 14.326563835144043; val_CER: 0.09620880335569382; val_WER: 0.32214993238449097
2025-11-03 02:19:57,436 - root - INFO - Epoch 72; loss: 14.968775749206543; CER: 0.143293559551239; WER: 0.38908180594444275; val_loss: 13.365266799926758; val_CER: 0.11367781460285187; val_WER: 0.34734484553337097
2025-11-03 02:20:56,655 - root - INFO - Epoch 73; loss: 14.26681900024414; CER: 0.1186658963561058; WER: 0.368387371301651; val_loss: 12.427409172058105; val_CER: 0.10119674354791641; val_WER: 0.32519620656967163
2025-11-03 02:21:56,128 - root - INFO - Epoch 74; loss: 15.221757888793945; CER: 0.14777110517024994; WER: 0.3764386773109436; val_loss: 10.650906562805176; val_CER: 0.08562620729207993; val_WER: 0.29862475395202637
2025-11-03 02:22:55,427 - root - INFO - Epoch 75; loss: 13.876948356628418; CER: 0.11789730936288834; WER: 0.3638128340244293; val_loss: 12.535149574279785; val_CER: 0.09383901953697205; val_WER: 0.3144744336605072
2025-11-03 02:23:54,590 - root - INFO - Epoch 76; loss: 14.16104507446289; CER: 0.11843797564506531; WER: 0.36604082584381104; val_loss: 11.50466537475586; val_CER: 0.10112068802118301; val_WER: 0.3117074966430664
2025-11-03 02:24:53,795 - root - INFO - Epoch 77; loss: 14.053628921508789; CER: 0.1148952767252922; WER: 0.35823068022727966; val_loss: 13.663661003112793; val_CER: 0.10611721128225327; val_WER: 0.3357430100440979
2025-11-03 02:25:53,005 - root - INFO - Epoch 78; loss: 13.740362167358398; CER: 0.11323169618844986; WER: 0.3558289706707001; val_loss: 37.183956146240234; val_CER: 0.25721117854118347; val_WER: 0.77522212266922
2025-11-03 02:26:52,222 - root - INFO - Epoch 79; loss: 13.473533630371094; CER: 0.12256810069084167; WER: 0.35133787989616394; val_loss: 12.36496353149414; val_CER: 0.10333570092916489; val_WER: 0.3246878385543823
2025-11-03 02:27:51,363 - root - INFO - Epoch 80; loss: 13.859991073608398; CER: 0.11266851425170898; WER: 0.35822904109954834; val_loss: 12.575570106506348; val_CER: 0.09202095121145248; val_WER: 0.28713473677635193
2025-11-03 02:28:50,617 - root - INFO - Epoch 81; loss: 14.012369155883789; CER: 0.12473299354314804; WER: 0.35798904299736023; val_loss: 11.988866806030273; val_CER: 0.09435532242059708; val_WER: 0.30756378173828125
2025-11-03 02:29:49,882 - root - INFO - Epoch 82; loss: 13.675934791564941; CER: 0.10748907178640366; WER: 0.3436677157878876; val_loss: 11.552026748657227; val_CER: 0.0858863964676857; val_WER: 0.28771376609802246
2025-11-03 02:30:49,078 - root - INFO - Epoch 83; loss: 13.040035247802734; CER: 0.12112656235694885; WER: 0.34226787090301514; val_loss: 15.373202323913574; val_CER: 0.13698725402355194; val_WER: 0.36041930317878723
2025-11-03 02:31:48,238 - root - INFO - Epoch 84; loss: 12.571820259094238; CER: 0.10716363787651062; WER: 0.3440752923488617; val_loss: 11.329946517944336; val_CER: 0.08652378618717194; val_WER: 0.27332550287246704
2025-11-03 02:32:47,749 - root - INFO - Epoch 85; loss: 12.246667861938477; CER: 0.1006891131401062; WER: 0.3209647834300995; val_loss: 10.923395156860352; val_CER: 0.0802416056394577; val_WER: 0.26706016063690186
2025-11-03 02:33:46,942 - root - INFO - Epoch 86; loss: 12.056079864501953; CER: 0.10600152611732483; WER: 0.3296997845172882; val_loss: 12.664979934692383; val_CER: 0.11574103683233261; val_WER: 0.3035377264022827
2025-11-03 02:34:46,197 - root - INFO - Epoch 87; loss: 12.183341026306152; CER: 0.11028335243463516; WER: 0.3374759554862976; val_loss: 11.639772415161133; val_CER: 0.09455469995737076; val_WER: 0.3034213185310364
2025-11-03 02:35:45,490 - root - INFO - Epoch 88; loss: 12.30474853515625; CER: 0.10011701285839081; WER: 0.3237523138523102; val_loss: 12.14708137512207; val_CER: 0.09307844936847687; val_WER: 0.27653348445892334
2025-11-03 02:36:44,769 - root - INFO - Epoch 89; loss: 12.431859016418457; CER: 0.10380144417285919; WER: 0.33153411746025085; val_loss: 11.745659828186035; val_CER: 0.09158752858638763; val_WER: 0.2957596778869629
2025-11-03 02:37:43,927 - root - INFO - Epoch 90; loss: 12.689582824707031; CER: 0.10025724023580551; WER: 0.32593482732772827; val_loss: 11.567146301269531; val_CER: 0.11250213533639908; val_WER: 0.2908487915992737
2025-11-03 02:38:43,474 - root - INFO - Epoch 91; loss: 11.531296730041504; CER: 0.0988122820854187; WER: 0.3084793984889984; val_loss: 12.498865127563477; val_CER: 0.07766468822956085; val_WER: 0.27184823155403137
2025-11-03 02:39:42,677 - root - INFO - Epoch 92; loss: 12.025218963623047; CER: 0.10936472564935684; WER: 0.31441664695739746; val_loss: 11.57411003112793; val_CER: 0.10227072238922119; val_WER: 0.30116724967956543
2025-11-03 02:40:41,891 - root - INFO - Epoch 93; loss: 11.578600883483887; CER: 0.10249018669128418; WER: 0.30859988927841187; val_loss: 11.58713436126709; val_CER: 0.10302994400262833; val_WER: 0.2939896285533905
2025-11-03 02:41:41,389 - root - INFO - Epoch 94; loss: 11.305809020996094; CER: 0.09532847255468369; WER: 0.3186470866203308; val_loss: 10.663692474365234; val_CER: 0.07759873569011688; val_WER: 0.275148868560791
2025-11-03 02:42:40,588 - root - INFO - Epoch 95; loss: 11.357147216796875; CER: 0.11893552541732788; WER: 0.30992981791496277; val_loss: 10.098501205444336; val_CER: 0.08146661520004272; val_WER: 0.280300110578537
2025-11-03 02:43:40,344 - root - INFO - Epoch 96; loss: 11.457698822021484; CER: 0.11176222562789917; WER: 0.3128078579902649; val_loss: 13.542291641235352; val_CER: 0.11774636805057526; val_WER: 0.30650657415390015
2025-11-03 02:44:39,488 - root - INFO - Epoch 97; loss: 11.826448440551758; CER: 0.09415517002344131; WER: 0.30870115756988525; val_loss: 10.79301643371582; val_CER: 0.08716797828674316; val_WER: 0.2635727822780609
2025-11-03 02:45:38,739 - root - INFO - Epoch 98; loss: 11.549710273742676; CER: 0.09210082143545151; WER: 0.31006768345832825; val_loss: 9.4244384765625; val_CER: 0.07784708589315414; val_WER: 0.2691277265548706
2025-11-03 02:46:37,860 - root - INFO - Epoch 99; loss: 11.426979064941406; CER: 0.11493198573589325; WER: 0.32401806116104126; val_loss: 9.91696834564209; val_CER: 0.08237548172473907; val_WER: 0.27408644556999207
2025-11-03 02:47:37,317 - root - INFO - Epoch 100; loss: 11.097541809082031; CER: 0.08560448884963989; WER: 0.29151538014411926; val_loss: 11.962224960327148; val_CER: 0.07370533049106598; val_WER: 0.2522469162940979
2025-11-03 02:48:36,588 - root - INFO - Epoch 101; loss: 10.999676704406738; CER: 0.10998392105102539; WER: 0.3037470877170563; val_loss: 9.748350143432617; val_CER: 0.07465546578168869; val_WER: 0.25033897161483765
2025-11-03 02:49:35,851 - root - INFO - Epoch 102; loss: 10.946577072143555; CER: 0.08999963849782944; WER: 0.29992440342903137; val_loss: 10.352987289428711; val_CER: 0.08383941650390625; val_WER: 0.2689821422100067
2025-11-03 02:50:35,021 - root - INFO - Epoch 103; loss: 11.442914962768555; CER: 0.09309666603803635; WER: 0.303013414144516; val_loss: 10.478616714477539; val_CER: 0.07946144789457321; val_WER: 0.2615945041179657
2025-11-03 02:51:34,529 - root - INFO - Epoch 104; loss: 11.384882926940918; CER: 0.09043985605239868; WER: 0.2940050959587097; val_loss: 10.337820053100586; val_CER: 0.07057438790798187; val_WER: 0.24102607369422913
2025-11-03 02:52:33,790 - root - INFO - Epoch 105; loss: 10.220263481140137; CER: 0.08310239017009735; WER: 0.2837759554386139; val_loss: 10.524608612060547; val_CER: 0.07328358292579651; val_WER: 0.2399909496307373
2025-11-03 02:53:33,082 - root - INFO - Epoch 106; loss: 10.393588066101074; CER: 0.08310491591691971; WER: 0.2867402136325836; val_loss: 9.635486602783203; val_CER: 0.07351989299058914; val_WER: 0.25213366746902466
2025-11-03 02:54:32,258 - root - INFO - Epoch 107; loss: 10.479848861694336; CER: 0.08521220088005066; WER: 0.2894999384880066; val_loss: 11.740321159362793; val_CER: 0.1113494485616684; val_WER: 0.2740125358104706
2025-11-03 02:55:31,366 - root - INFO - Epoch 108; loss: 10.38282585144043; CER: 0.09807294607162476; WER: 0.2857016623020172; val_loss: 10.12787914276123; val_CER: 0.0843997597694397; val_WER: 0.26111212372779846
2025-11-03 02:56:30,541 - root - INFO - Epoch 109; loss: 9.984977722167969; CER: 0.08953909575939178; WER: 0.2896272540092468; val_loss: 12.669441223144531; val_CER: 0.09693235158920288; val_WER: 0.28869789838790894
2025-11-03 02:57:30,022 - root - INFO - Epoch 110; loss: 10.414569854736328; CER: 0.09134277701377869; WER: 0.2908254563808441; val_loss: 9.513240814208984; val_CER: 0.07046245038509369; val_WER: 0.22451622784137726
2025-11-03 02:58:29,238 - root - INFO - Epoch 111; loss: 9.869512557983398; CER: 0.08557429164648056; WER: 0.28691917657852173; val_loss: 12.163639068603516; val_CER: 0.087275430560112; val_WER: 0.28496065735816956
2025-11-03 02:59:28,887 - root - INFO - Epoch 112; loss: 9.957355499267578; CER: 0.08105072379112244; WER: 0.27194052934646606; val_loss: 8.857266426086426; val_CER: 0.07189223915338516; val_WER: 0.24930152297019958
2025-11-03 03:00:28,303 - root - INFO - Epoch 113; loss: 9.827268600463867; CER: 0.10347908735275269; WER: 0.27906933426856995; val_loss: 9.648248672485352; val_CER: 0.07745400071144104; val_WER: 0.2519680857658386
2025-11-03 03:01:27,613 - root - INFO - Epoch 114; loss: 9.650856018066406; CER: 0.07840700447559357; WER: 0.2669844329357147; val_loss: 9.202573776245117; val_CER: 0.07132800668478012; val_WER: 0.24253332614898682
2025-11-03 03:02:26,978 - root - INFO - Epoch 115; loss: 9.98254108428955; CER: 0.09835448861122131; WER: 0.2768705487251282; val_loss: 10.25224494934082; val_CER: 0.0822163075208664; val_WER: 0.2705649137496948
2025-11-03 03:03:26,468 - root - INFO - Epoch 116; loss: 9.621142387390137; CER: 0.08040667325258255; WER: 0.27317875623703003; val_loss: 9.715828895568848; val_CER: 0.06914602965116501; val_WER: 0.24698328971862793
2025-11-03 03:04:25,740 - root - INFO - Epoch 117; loss: 9.589200019836426; CER: 0.07780718803405762; WER: 0.2663560211658478; val_loss: 10.561619758605957; val_CER: 0.08404180407524109; val_WER: 0.2628513276576996
2025-11-03 03:05:24,994 - root - INFO - Epoch 118; loss: 9.8534517288208; CER: 0.07933295518159866; WER: 0.2691839337348938; val_loss: 7.379675388336182; val_CER: 0.07098288089036942; val_WER: 0.2378019094467163
2025-11-03 03:06:24,274 - root - INFO - Epoch 119; loss: 8.654333114624023; CER: 0.07300352305173874; WER: 0.25234389305114746; val_loss: 10.532766342163086; val_CER: 0.07767738401889801; val_WER: 0.24645569920539856
2025-11-03 03:07:23,793 - root - INFO - Epoch 120; loss: 9.52962875366211; CER: 0.08790581673383713; WER: 0.26838865876197815; val_loss: 8.68354606628418; val_CER: 0.0666668638586998; val_WER: 0.22129590809345245
2025-11-03 03:08:23,189 - root - INFO - Epoch 121; loss: 9.552159309387207; CER: 0.07993932068347931; WER: 0.26689308881759644; val_loss: 8.156214714050293; val_CER: 0.06448465585708618; val_WER: 0.22549423575401306
2025-11-03 03:09:22,689 - root - INFO - Epoch 122; loss: 9.663854598999023; CER: 0.08936271071434021; WER: 0.2761237621307373; val_loss: 9.0986328125; val_CER: 0.06435385346412659; val_WER: 0.23344573378562927
2025-11-03 03:10:21,900 - root - INFO - Epoch 123; loss: 9.136728286743164; CER: 0.0765322744846344; WER: 0.2541499435901642; val_loss: 10.385724067687988; val_CER: 0.07285374402999878; val_WER: 0.2448590248823166
2025-11-03 03:11:21,202 - root - INFO - Epoch 124; loss: 9.000226974487305; CER: 0.07540037482976913; WER: 0.25434744358062744; val_loss: 10.088212966918945; val_CER: 0.06655537337064743; val_WER: 0.23391740024089813
2025-11-03 03:12:20,614 - root - INFO - Epoch 125; loss: 9.376055717468262; CER: 0.0811636745929718; WER: 0.2612084448337555; val_loss: 8.063127517700195; val_CER: 0.06103849411010742; val_WER: 0.2163006067276001
2025-11-03 03:13:19,749 - root - INFO - Epoch 126; loss: 9.105210304260254; CER: 0.07342712581157684; WER: 0.25622010231018066; val_loss: 10.733674049377441; val_CER: 0.0780535489320755; val_WER: 0.2627299726009369
2025-11-03 03:14:18,996 - root - INFO - Epoch 127; loss: 9.11186695098877; CER: 0.07513183355331421; WER: 0.2605488896369934; val_loss: 12.623052597045898; val_CER: 0.1132517084479332; val_WER: 0.27509021759033203
2025-11-03 03:15:18,375 - root - INFO - Epoch 128; loss: 9.504083633422852; CER: 0.09272646903991699; WER: 0.27296581864356995; val_loss: 8.643948554992676; val_CER: 0.0695631131529808; val_WER: 0.2191014587879181
2025-11-03 03:16:17,710 - root - INFO - Epoch 129; loss: 9.976940155029297; CER: 0.10139548033475876; WER: 0.2709798514842987; val_loss: 9.805278778076172; val_CER: 0.08691690862178802; val_WER: 0.26187214255332947
2025-11-03 03:17:17,272 - root - INFO - Epoch 130; loss: 9.687287330627441; CER: 0.08641830086708069; WER: 0.2706068456172943; val_loss: 12.164861679077148; val_CER: 0.07506381720304489; val_WER: 0.23806226253509521
2025-11-03 03:18:17,016 - root - INFO - Epoch 131; loss: 8.798233032226562; CER: 0.08702655136585236; WER: 0.26505428552627563; val_loss: 10.451936721801758; val_CER: 0.07104542851448059; val_WER: 0.2398708164691925
2025-11-03 03:19:16,986 - root - INFO - Epoch 132; loss: 8.838680267333984; CER: 0.07857087254524231; WER: 0.25526702404022217; val_loss: 10.27998161315918; val_CER: 0.07954458147287369; val_WER: 0.2521834671497345
2025-11-03 03:20:16,815 - root - INFO - Epoch 133; loss: 8.115496635437012; CER: 0.06812280416488647; WER: 0.24280811846256256; val_loss: 8.75700855255127; val_CER: 0.06817737966775894; val_WER: 0.22718210518360138
2025-11-03 03:21:16,714 - root - INFO - Epoch 134; loss: 8.754725456237793; CER: 0.07855792343616486; WER: 0.2576178312301636; val_loss: 9.576364517211914; val_CER: 0.06956756114959717; val_WER: 0.2369144856929779
2025-11-03 03:22:16,553 - root - INFO - Epoch 135; loss: 8.376956939697266; CER: 0.06943564862012863; WER: 0.24474512040615082; val_loss: 8.920124053955078; val_CER: 0.06261558830738068; val_WER: 0.21635468304157257
2025-11-03 03:23:16,244 - root - INFO - Epoch 136; loss: 8.801438331604004; CER: 0.08717154711484909; WER: 0.25819531083106995; val_loss: 10.227350234985352; val_CER: 0.06803540140390396; val_WER: 0.2124919891357422
2025-11-03 03:24:15,871 - root - INFO - Epoch 137; loss: 8.523468971252441; CER: 0.07229767739772797; WER: 0.2433755248785019; val_loss: 10.669195175170898; val_CER: 0.09651337563991547; val_WER: 0.24977442622184753
2025-11-03 03:25:15,468 - root - INFO - Epoch 138; loss: 8.318315505981445; CER: 0.06829311698675156; WER: 0.23372307419776917; val_loss: 8.167754173278809; val_CER: 0.06279908120632172; val_WER: 0.22623220086097717
2025-11-03 03:26:15,129 - root - INFO - Epoch 139; loss: 8.176392555236816; CER: 0.0692773163318634; WER: 0.24259603023529053; val_loss: 9.567414283752441; val_CER: 0.06214185804128647; val_WER: 0.20158612728118896
2025-11-03 03:27:14,621 - root - INFO - Epoch 140; loss: 8.346236228942871; CER: 0.07279866933822632; WER: 0.23871442675590515; val_loss: 9.996953964233398; val_CER: 0.0694497674703598; val_WER: 0.22812171280384064
2025-11-03 03:28:14,189 - root - INFO - Epoch 141; loss: 8.457487106323242; CER: 0.06894150376319885; WER: 0.24160614609718323; val_loss: 9.589513778686523; val_CER: 0.0706041008234024; val_WER: 0.23160088062286377
2025-11-03 03:29:14,280 - root - INFO - Epoch 142; loss: 8.260190963745117; CER: 0.06592404097318649; WER: 0.23327669501304626; val_loss: 8.923606872558594; val_CER: 0.06961924582719803; val_WER: 0.2215229719877243
2025-11-03 03:30:13,850 - root - INFO - Epoch 143; loss: 7.775075912475586; CER: 0.07979467511177063; WER: 0.24010610580444336; val_loss: 11.01293659210205; val_CER: 0.08814001083374023; val_WER: 0.23414508998394012
2025-11-03 03:31:13,157 - root - INFO - Epoch 144; loss: 8.398589134216309; CER: 0.06574267148971558; WER: 0.23315581679344177; val_loss: 9.366202354431152; val_CER: 0.06554859131574631; val_WER: 0.22199976444244385
2025-11-03 03:32:12,433 - root - INFO - Epoch 145; loss: 8.002187728881836; CER: 0.07453593611717224; WER: 0.23290935158729553; val_loss: 8.411600112915039; val_CER: 0.06417696923017502; val_WER: 0.2162647545337677
2025-11-03 03:32:14,570 - tf2onnx.tfonnx - INFO - Using tensorflow=2.10.0, onnx=1.12.0, tf2onnx=1.14.0/8f8d49
2025-11-03 03:32:14,570 - tf2onnx.tfonnx - INFO - Using opset <onnx, 15>
2025-11-03 03:32:14,739 - tf2onnx.tf_utils - INFO - Computed 0 values for constant folding
2025-11-03 03:32:14,746 - tf2onnx.tf_utils - INFO - Computed 0 values for constant folding
2025-11-03 03:32:14,752 - tf2onnx.tf_utils - INFO - Computed 0 values for constant folding
2025-11-03 03:32:14,758 - tf2onnx.tf_utils - INFO - Computed 0 values for constant folding
2025-11-03 03:32:14,761 - tf2onnx.tf_utils - INFO - Computed 0 values for constant folding
2025-11-03 03:32:14,763 - tf2onnx.tf_utils - INFO - Computed 0 values for constant folding
2025-11-03 03:32:14,766 - tf2onnx.tf_utils - INFO - Computed 0 values for constant folding
2025-11-03 03:32:14,772 - tf2onnx.tf_utils - INFO - Computed 0 values for constant folding
2025-11-03 03:32:14,823 - tf2onnx.tf_utils - INFO - Computed 2 values for constant folding
2025-11-03 03:32:14,926 - tf2onnx.tfonnx - INFO - folding node using tf type=StridedSlice, name=model/bidirectional/forward_lstm/PartitionedCall/strided_slice
2025-11-03 03:32:14,927 - tf2onnx.tfonnx - INFO - folding node using tf type=StridedSlice, name=model/bidirectional/backward_lstm/PartitionedCall/strided_slice
2025-11-03 03:32:15,205 - tf2onnx.optimizer - INFO - Optimizing ONNX model
2025-11-03 03:32:15,980 - tf2onnx.optimizer - INFO - After optimization: BatchNormalization -18 (18->0), Cast -8 (17->9), Concat -8 (17->9), Const -173 (243->70), Expand -6 (8->2), Gather +3 (2->5), Identity -2 (2->0), Shape -2 (6->4), Slice -2 (9->7), Squeeze -5 (9->4), Transpose -86 (90->4), Unsqueeze -25 (29->4)
